<?xml version="1.0" encoding="UTF-8"?>
<robot generator="Robot 7.2.2 (Python 3.13.2 on win32)" generated="2025-03-22T00:52:37.967213" rpa="false" schemaversion="5">
<suite id="s1" name="testBtrade" source="C:\Automatetest\testBtrade.robot">
<test id="s1-t1" name="TC01-SIGN-เชาวปัญ" line="6">
<kw name="Open Browser" owner="SeleniumLibrary">
<msg time="2025-03-22T00:52:38.190329" level="INFO">Opening browser 'Chrome' to base url 'http://localhost:3000/'.</msg>
<arg>http://localhost:3000/</arg>
<arg>Chrome</arg>
<doc>Opens a new browser instance to the optional ``url``.</doc>
<status status="PASS" start="2025-03-22T00:52:38.190139" elapsed="2.158927"/>
</kw>
<kw name="Sleep" owner="BuiltIn">
<msg time="2025-03-22T00:52:43.350307" level="INFO">Slept 3 seconds.</msg>
<arg>3</arg>
<doc>Pauses the test executed for the given time.</doc>
<status status="PASS" start="2025-03-22T00:52:40.349497" elapsed="3.001021"/>
</kw>
<kw name="Maximize Browser Window" owner="SeleniumLibrary">
<doc>Maximizes current browser window.</doc>
<status status="PASS" start="2025-03-22T00:52:43.350904" elapsed="0.045316"/>
</kw>
<kw name="Capture Page Screenshot" owner="SeleniumLibrary">
<msg time="2025-03-22T00:52:43.601666" level="INFO" html="true">&lt;/td&gt;&lt;/tr&gt;&lt;tr&gt;&lt;td colspan="3"&gt;&lt;a href="selenium-screenshot-1.png"&gt;&lt;img src="selenium-screenshot-1.png" width="800px"&gt;&lt;/a&gt;</msg>
<doc>Takes a screenshot of the current page and embeds it into a log file.</doc>
<status status="PASS" start="2025-03-22T00:52:43.399573" elapsed="0.202222"/>
</kw>
<status status="PASS" start="2025-03-22T00:52:38.189132" elapsed="5.412980"/>
</test>
<test id="s1-t2" name="GO TO SIGN IN" line="11">
<kw name="Click Element" owner="SeleniumLibrary">
<msg time="2025-03-22T00:52:43.604887" level="INFO">Clicking element 'xpath=/html/body/div[1]/nav/div[2]/a[1]'.</msg>
<arg>xpath=/html/body/div[1]/nav/div[2]/a[1]</arg>
<doc>Click the element identified by ``locator``.</doc>
<status status="PASS" start="2025-03-22T00:52:43.603384" elapsed="0.134219"/>
</kw>
<kw name="Sleep" owner="BuiltIn">
<msg time="2025-03-22T00:52:46.738354" level="INFO">Slept 3 seconds.</msg>
<arg>3</arg>
<doc>Pauses the test executed for the given time.</doc>
<status status="PASS" start="2025-03-22T00:52:43.738056" elapsed="3.000388"/>
</kw>
<kw name="Capture Page Screenshot" owner="SeleniumLibrary">
<msg time="2025-03-22T00:52:46.828063" level="INFO" html="true">&lt;/td&gt;&lt;/tr&gt;&lt;tr&gt;&lt;td colspan="3"&gt;&lt;a href="selenium-screenshot-2.png"&gt;&lt;img src="selenium-screenshot-2.png" width="800px"&gt;&lt;/a&gt;</msg>
<doc>Takes a screenshot of the current page and embeds it into a log file.</doc>
<status status="PASS" start="2025-03-22T00:52:46.738713" elapsed="0.089459"/>
</kw>
<kw name="Input Text" owner="SeleniumLibrary">
<msg time="2025-03-22T00:52:46.828646" level="INFO">Typing text 'you@example.com' into text field 'email'.</msg>
<arg>email</arg>
<arg>you@example.com</arg>
<doc>Types the given ``text`` into the text field identified by ``locator``.</doc>
<status status="PASS" start="2025-03-22T00:52:46.828430" elapsed="0.109329"/>
</kw>
<kw name="Input Password" owner="SeleniumLibrary">
<msg time="2025-03-22T00:52:46.938201" level="INFO">Typing password into text field 'password'.</msg>
<msg time="2025-03-22T00:52:46.962288" level="INFO">Temporally setting log level to: NONE</msg>
<arg>password</arg>
<arg>12345678</arg>
<doc>Types the given password into the text field identified by ``locator``.</doc>
<status status="PASS" start="2025-03-22T00:52:46.938016" elapsed="0.087497"/>
</kw>
<kw name="Click Element" owner="SeleniumLibrary">
<msg time="2025-03-22T00:52:47.026474" level="INFO">Clicking element 'xpath=//*[@id="submit"]'.</msg>
<arg>xpath=//*[@id="submit"]</arg>
<doc>Click the element identified by ``locator``.</doc>
<status status="PASS" start="2025-03-22T00:52:47.026123" elapsed="0.074956"/>
</kw>
<kw name="Sleep" owner="BuiltIn">
<msg time="2025-03-22T00:52:50.101906" level="INFO">Slept 3 seconds.</msg>
<arg>3</arg>
<doc>Pauses the test executed for the given time.</doc>
<status status="PASS" start="2025-03-22T00:52:47.101590" elapsed="3.000439"/>
</kw>
<kw name="Capture Page Screenshot" owner="SeleniumLibrary">
<msg time="2025-03-22T00:52:50.196070" level="INFO" html="true">&lt;/td&gt;&lt;/tr&gt;&lt;tr&gt;&lt;td colspan="3"&gt;&lt;a href="selenium-screenshot-3.png"&gt;&lt;img src="selenium-screenshot-3.png" width="800px"&gt;&lt;/a&gt;</msg>
<doc>Takes a screenshot of the current page and embeds it into a log file.</doc>
<status status="PASS" start="2025-03-22T00:52:50.102418" elapsed="0.093789"/>
</kw>
<status status="PASS" start="2025-03-22T00:52:43.602777" elapsed="6.593760"/>
</test>
<test id="s1-t3" name="GO TO SEE ACCOUNT USER" line="20">
<kw name="Click Element" owner="SeleniumLibrary">
<msg time="2025-03-22T00:52:50.197902" level="INFO">Clicking element 'xpath=/html/body/div[1]/div/div/div[2]/div/div[1]/div[2]/div/ul/li/button'.</msg>
<arg>xpath=/html/body/div[1]/div/div/div[2]/div/div[1]/div[2]/div/ul/li/button</arg>
<doc>Click the element identified by ``locator``.</doc>
<status status="PASS" start="2025-03-22T00:52:50.197653" elapsed="0.178333"/>
</kw>
<kw name="Sleep" owner="BuiltIn">
<msg time="2025-03-22T00:52:53.377872" level="INFO">Slept 3 seconds.</msg>
<arg>3</arg>
<doc>Pauses the test executed for the given time.</doc>
<status status="PASS" start="2025-03-22T00:52:50.376933" elapsed="3.001192"/>
</kw>
<kw name="Capture Page Screenshot" owner="SeleniumLibrary">
<msg time="2025-03-22T00:52:53.477083" level="INFO" html="true">&lt;/td&gt;&lt;/tr&gt;&lt;tr&gt;&lt;td colspan="3"&gt;&lt;a href="selenium-screenshot-4.png"&gt;&lt;img src="selenium-screenshot-4.png" width="800px"&gt;&lt;/a&gt;</msg>
<doc>Takes a screenshot of the current page and embeds it into a log file.</doc>
<status status="PASS" start="2025-03-22T00:52:53.378656" elapsed="0.098593"/>
</kw>
<kw name="Click Element" owner="SeleniumLibrary">
<msg time="2025-03-22T00:52:53.477743" level="INFO">Clicking element 'xpath=/html/body/div[3]/div/div[3]/div[1]'.</msg>
<arg>xpath=/html/body/div[3]/div/div[3]/div[1]</arg>
<doc>Click the element identified by ``locator``.</doc>
<status status="PASS" start="2025-03-22T00:52:53.477562" elapsed="0.135676"/>
</kw>
<kw name="Sleep" owner="BuiltIn">
<msg time="2025-03-22T00:52:56.615622" level="INFO">Slept 3 seconds.</msg>
<arg>3</arg>
<doc>Pauses the test executed for the given time.</doc>
<status status="PASS" start="2025-03-22T00:52:53.614000" elapsed="3.001718"/>
</kw>
<kw name="Capture Page Screenshot" owner="SeleniumLibrary">
<msg time="2025-03-22T00:52:56.702065" level="INFO" html="true">&lt;/td&gt;&lt;/tr&gt;&lt;tr&gt;&lt;td colspan="3"&gt;&lt;a href="selenium-screenshot-5.png"&gt;&lt;img src="selenium-screenshot-5.png" width="800px"&gt;&lt;/a&gt;</msg>
<doc>Takes a screenshot of the current page and embeds it into a log file.</doc>
<status status="PASS" start="2025-03-22T00:52:56.616004" elapsed="0.086159"/>
</kw>
<status status="PASS" start="2025-03-22T00:52:50.197233" elapsed="6.505216"/>
</test>
<test id="s1-t4" name="Close" line="27">
<kw name="Click Element" owner="SeleniumLibrary">
<msg time="2025-03-22T00:52:56.703566" level="INFO">Clicking element 'xpath=/html/body/div[4]/div[3]/button'.</msg>
<arg>xpath=/html/body/div[4]/div[3]/button</arg>
<doc>Click the element identified by ``locator``.</doc>
<status status="PASS" start="2025-03-22T00:52:56.703403" elapsed="0.059563"/>
</kw>
<kw name="Sleep" owner="BuiltIn">
<msg time="2025-03-22T00:52:58.764350" level="INFO">Slept 2 seconds.</msg>
<arg>2</arg>
<doc>Pauses the test executed for the given time.</doc>
<status status="PASS" start="2025-03-22T00:52:56.763714" elapsed="2.000729"/>
</kw>
<kw name="Capture Page Screenshot" owner="SeleniumLibrary">
<msg time="2025-03-22T00:52:58.850076" level="INFO" html="true">&lt;/td&gt;&lt;/tr&gt;&lt;tr&gt;&lt;td colspan="3"&gt;&lt;a href="selenium-screenshot-6.png"&gt;&lt;img src="selenium-screenshot-6.png" width="800px"&gt;&lt;/a&gt;</msg>
<doc>Takes a screenshot of the current page and embeds it into a log file.</doc>
<status status="PASS" start="2025-03-22T00:52:58.764785" elapsed="0.085550"/>
</kw>
<status status="PASS" start="2025-03-22T00:52:56.703065" elapsed="2.147533"/>
</test>
<test id="s1-t5" name="GO TO SEE ACCOUNT ADMIN" line="31">
<kw name="Click Element" owner="SeleniumLibrary">
<msg time="2025-03-22T00:52:58.851711" level="INFO">Clicking element 'xpath=/html/body/div[1]/div/div/div[2]/div/div[2]/div/div[2]/ul/li[3]/a'.</msg>
<arg>xpath=/html/body/div[1]/div/div/div[2]/div/div[2]/div/div[2]/ul/li[3]/a</arg>
<doc>Click the element identified by ``locator``.</doc>
<status status="PASS" start="2025-03-22T00:52:58.851487" elapsed="0.081855"/>
</kw>
<kw name="Sleep" owner="BuiltIn">
<msg time="2025-03-22T00:53:00.934731" level="INFO">Slept 2 seconds.</msg>
<arg>2</arg>
<doc>Pauses the test executed for the given time.</doc>
<status status="PASS" start="2025-03-22T00:52:58.933837" elapsed="2.000987"/>
</kw>
<kw name="Capture Page Screenshot" owner="SeleniumLibrary">
<msg time="2025-03-22T00:53:01.018584" level="INFO" html="true">&lt;/td&gt;&lt;/tr&gt;&lt;tr&gt;&lt;td colspan="3"&gt;&lt;a href="selenium-screenshot-7.png"&gt;&lt;img src="selenium-screenshot-7.png" width="800px"&gt;&lt;/a&gt;</msg>
<doc>Takes a screenshot of the current page and embeds it into a log file.</doc>
<status status="PASS" start="2025-03-22T00:53:00.935122" elapsed="0.083586"/>
</kw>
<status status="PASS" start="2025-03-22T00:52:58.851134" elapsed="2.167884"/>
</test>
<doc>GO TO WEB B-Trade</doc>
<status status="PASS" start="2025-03-22T00:52:37.968884" elapsed="23.050946"/>
</suite>
<statistics>
<total>
<stat pass="5" fail="0" skip="0">All Tests</stat>
</total>
<tag>
</tag>
<suite>
<stat name="testBtrade" id="s1" pass="5" fail="0" skip="0">testBtrade</stat>
</suite>
</statistics>
<errors>
</errors>
</robot>
